00000000 00001800 loop: ldc count
00000001 00000004 ldnl 0
00000002 00001310 brlz done
00000003 00001900 ldc array
00000004 00000006 add 
00000005 00000004 ldnl 0
00000006 00001700 ldc mini
00000007 00000004 ldnl 0
00000008 00000007 sub 
00000009 00000610 brlz update
0000000A 00001800 ldc count
0000000B 00000004 ldnl 0
0000000C FFFFFF01 adc -1
0000000D 00001800 ldc count
0000000E 00000005 stnl 0
0000000F FFFFF011 br loop
00000010 00001700 update: ldc mini
00000011 00000004 ldnl 0
00000012 00000006 add 
00000013 00001700 ldc mini
00000014 00000005 stnl 0
00000015 FFFFEA11 br loop
00000016 00000012 done: HALT 
00000017 00FFFFFF mini: data 16777215
00000018 00000009 count: data 9
00000019 00000006 array: data 6
0000001A 00000004 data 4
0000001B 00000007 data 7
0000001C 0000000A data 10
0000001D 00000008 data 8
0000001E 00000005 data 5
0000001F 00000009 data 9
00000020 00000002 data 2
00000021 00000001 data 1
00000022 00000003 data 3
